<?xml version="1.0" encoding="utf-8" standalone="no"?>
<test-results xmlns:xsi="http://www.w3.org/2001/XMLSchema-instance" xsi:noNamespaceSchemaLocation="nunit_schema_2.5.xsd" name="Pester" total="62" errors="0" failures="0" not-run="0" inconclusive="1" ignored="0" skipped="0" invalid="0" date="2020-06-24" time="03:42:04">
  <environment user="natew" machine-name="NATE-DESKTOP" cwd="G:\Code\GitHub\Powershell\Microsoft.PowerShell.Archive" user-domain="NATE-DESKTOP" platform="Microsoft Windows 10 Home|C:\WINDOWS|\Device\Harddisk0\Partition2" nunit-version="2.5.8.0" os-version="10.0.19041" clr-version="4.0.30319.42000" />
  <culture-info current-culture="en-US" current-uiculture="en-US" />
  <test-suite type="Powershell" name="Pester" executed="True" result="Inconclusive" success="True" time="15.598" asserts="0">
    <results>
      <test-suite type="TestFixture" name="Test suite for Microsoft.PowerShell.Archive module" executed="True" result="Inconclusive" success="True" time="15.598" asserts="0" description="Test suite for Microsoft.PowerShell.Archive module">
        <results>
          <test-case description="Validate errors from Compress-Archive with NULL &amp; EMPTY values for Path, LiteralPath, DestinationPath, CompressionLevel parameters" name="Test suite for Microsoft.PowerShell.Archive module.Validate errors from Compress-Archive with NULL &amp; EMPTY values for Path, LiteralPath, DestinationPath, CompressionLevel parameters" time="5.9237" asserts="0" success="True" result="Success" executed="True" />
          <test-case description="Validate errors from Compress-Archive when invalid path (non-existing path / non-filesystem path) is supplied for Path or LiteralPath parameters" name="Test suite for Microsoft.PowerShell.Archive module.Validate errors from Compress-Archive when invalid path (non-existing path / non-filesystem path) is supplied for Path or LiteralPath parameters" time="0.4496" asserts="0" success="True" result="Success" executed="True" />
          <test-case description="Validate error from Compress-Archive when archive file already exists and -Update parameter is not specified" name="Test suite for Microsoft.PowerShell.Archive module.Validate error from Compress-Archive when archive file already exists and -Update parameter is not specified" time="0.0661" asserts="0" success="True" result="Success" executed="True" />
          <test-case description="Validate error from Compress-Archive when duplicate paths are supplied as input to Path parameter" name="Test suite for Microsoft.PowerShell.Archive module.Validate error from Compress-Archive when duplicate paths are supplied as input to Path parameter" time="0.052" asserts="0" success="True" result="Success" executed="True" />
          <test-case description="Validate error from Compress-Archive when duplicate paths are supplied as input to LiteralPath parameter" name="Test suite for Microsoft.PowerShell.Archive module.Validate error from Compress-Archive when duplicate paths are supplied as input to LiteralPath parameter" time="0.0458" asserts="0" success="True" result="Success" executed="True" />
          <test-case description="Validate that a single file can be compressed using Compress-Archive cmdlet" name="Test suite for Microsoft.PowerShell.Archive module.Validate that a single file can be compressed using Compress-Archive cmdlet" time="0.6884" asserts="0" success="True" result="Success" executed="True" />
          <test-case description="Validate that Compress-Archive cmdlet can accept LiteralPath parameter with Special Characters" name="Test suite for Microsoft.PowerShell.Archive module.Validate that Compress-Archive cmdlet can accept LiteralPath parameter with Special Characters" time="0.0816" asserts="0" success="True" result="Success" executed="True" />
          <test-case description="Validate that Compress-Archive cmdlet errors out when DestinationPath resolves to multiple locations" name="Test suite for Microsoft.PowerShell.Archive module.Validate that Compress-Archive cmdlet errors out when DestinationPath resolves to multiple locations" time="0.0366" asserts="0" success="True" result="Success" executed="True" />
          <test-case description="Validate that Compress-Archive cmdlet works when DestinationPath has wild card pattern and resolves to a single valid path" name="Test suite for Microsoft.PowerShell.Archive module.Validate that Compress-Archive cmdlet works when DestinationPath has wild card pattern and resolves to a single valid path" time="0.086" asserts="0" success="True" result="Success" executed="True" />
          <test-case description="Validate that Compress-Archive cmdlet works when it ecounters LastWriteTimeValues earlier than 1980" name="Test suite for Microsoft.PowerShell.Archive module.Validate that Compress-Archive cmdlet works when it ecounters LastWriteTimeValues earlier than 1980" time="0.0941" asserts="0" success="True" result="Success" executed="True" />
          <test-case description="Validate that Compress-Archive cmdlet warns when updating the LastWriteTime for files earlier than 1980" name="Test suite for Microsoft.PowerShell.Archive module.Validate that Compress-Archive cmdlet warns when updating the LastWriteTime for files earlier than 1980" time="0.2949" asserts="0" success="True" result="Success" executed="True" />
          <test-case description="Validate that Compress-Archive cmdlet can accept LiteralPath parameter for a directory with Special Characters in the directory name" name="Test suite for Microsoft.PowerShell.Archive module.Validate that Compress-Archive cmdlet can accept LiteralPath parameter for a directory with Special Characters in the directory name" time="0.1257" asserts="0" success="True" result="Success" executed="True" />
          <test-case description="Validate that Compress-Archive cmdlet can accept DestinationPath parameter with Special Characters" name="Test suite for Microsoft.PowerShell.Archive module.Validate that Compress-Archive cmdlet can accept DestinationPath parameter with Special Characters" time="0.0616" asserts="0" success="True" result="Success" executed="True" />
          <test-case description="Validate that Source Path can be at SystemDrive location" name="Test suite for Microsoft.PowerShell.Archive module.Validate that Source Path can be at SystemDrive location" time="0.0805" asserts="0" success="True" result="Success" executed="True" />
          <test-case description="Validate that multiple files can be compressed using Compress-Archive cmdlet" name="Test suite for Microsoft.PowerShell.Archive module.Validate that multiple files can be compressed using Compress-Archive cmdlet" time="0.1352" asserts="0" success="True" result="Success" executed="True" />
          <test-case description="Validate that multiple files and directories can be compressed using Compress-Archive cmdlet" name="Test suite for Microsoft.PowerShell.Archive module.Validate that multiple files and directories can be compressed using Compress-Archive cmdlet" time="0.1671" asserts="0" success="True" result="Success" executed="True" />
          <test-case description="Validate that a single directory can be compressed using Compress-Archive cmdlet" name="Test suite for Microsoft.PowerShell.Archive module.Validate that a single directory can be compressed using Compress-Archive cmdlet" time="0.1278" asserts="0" success="True" result="Success" executed="True" />
          <test-case description="Validate that a single directory with multiple files and subdirectories can be compressed using Compress-Archive cmdlet" name="Test suite for Microsoft.PowerShell.Archive module.Validate that a single directory with multiple files and subdirectories can be compressed using Compress-Archive cmdlet" time="0.1873" asserts="0" success="True" result="Success" executed="True" />
          <test-case description="Validate that a single directory &amp; multiple files can be compressed using Compress-Archive cmdlet" name="Test suite for Microsoft.PowerShell.Archive module.Validate that a single directory &amp; multiple files can be compressed using Compress-Archive cmdlet" time="0.1009" asserts="0" success="True" result="Success" executed="True" />
          <test-case description="Validate that if .zip extension is not supplied as input to DestinationPath parameter, then .zip extension is appended" name="Test suite for Microsoft.PowerShell.Archive module.Validate that if .zip extension is not supplied as input to DestinationPath parameter, then .zip extension is appended" time="0.1482" asserts="0" success="True" result="Success" executed="True" />
          <test-case description="Validate that relative path can be specified as Path parameter of Compress-Archive cmdlet" name="Test suite for Microsoft.PowerShell.Archive module.Validate that relative path can be specified as Path parameter of Compress-Archive cmdlet" time="0.1603" asserts="0" success="True" result="Success" executed="True" />
          <test-case description="Validate that relative path can be specified as LiteralPath parameter of Compress-Archive cmdlet" name="Test suite for Microsoft.PowerShell.Archive module.Validate that relative path can be specified as LiteralPath parameter of Compress-Archive cmdlet" time="0.1983" asserts="0" success="True" result="Success" executed="True" />
          <test-case description="Validate that relative path can be specified as DestinationPath parameter of Compress-Archive cmdlet" name="Test suite for Microsoft.PowerShell.Archive module.Validate that relative path can be specified as DestinationPath parameter of Compress-Archive cmdlet" time="0.1716" asserts="0" success="True" result="Success" executed="True" />
          <test-case description="Validate that -Update parameter makes Compress-Archive to not throw an error if archive file already exists" name="Test suite for Microsoft.PowerShell.Archive module.Validate that -Update parameter makes Compress-Archive to not throw an error if archive file already exists" time="0.2757" asserts="0" success="True" result="Success" executed="True" />
          <test-case description="Validate -Update parameter by adding a new file to an existing archive file" name="Test suite for Microsoft.PowerShell.Archive module.Validate -Update parameter by adding a new file to an existing archive file" time="0.179" asserts="0" success="True" result="Success" executed="True" />
          <test-case description="Validate that all CompressionLevel values can be used with Compress-Archive cmdlet" name="Test suite for Microsoft.PowerShell.Archive module.Validate that all CompressionLevel values can be used with Compress-Archive cmdlet" time="0.1241" asserts="0" success="True" result="Success" executed="True" />
          <test-case description="Validate that -Update parameter is modifying a file that already exists in the archive file" name="Test suite for Microsoft.PowerShell.Archive module.Validate that -Update parameter is modifying a file that already exists in the archive file" time="0.4057" asserts="0" success="True" result="Success" executed="True" />
          <test-case description="Validate that only / separators are used as archive directory separators" name="Test suite for Microsoft.PowerShell.Archive module.Validate that only / separators are used as archive directory separators" time="0.2031" asserts="0" success="True" result="Success" executed="True" />
          <test-case description="Validate Compress-Archive cmdlet in pipleline scenario" name="Test suite for Microsoft.PowerShell.Archive module.Validate Compress-Archive cmdlet in pipleline scenario" time="0.4085" asserts="0" success="True" result="Success" executed="True" />
          <test-case description="Validate that Compress-Archive works on ReadOnly files" name="Test suite for Microsoft.PowerShell.Archive module.Validate that Compress-Archive works on ReadOnly files" time="0.1043" asserts="0" success="True" result="Success" executed="True" />
          <test-case description="Validate that Compress-Archive generates Verbose messages" name="Test suite for Microsoft.PowerShell.Archive module.Validate that Compress-Archive generates Verbose messages" time="0.1888" asserts="0" success="True" result="Success" executed="True" />
          <test-case description="Validate that Compress-Archive returns nothing when -PassThru is not used" name="Test suite for Microsoft.PowerShell.Archive module.Validate that Compress-Archive returns nothing when -PassThru is not used" time="0.2073" asserts="0" success="True" result="Success" executed="True" />
          <test-case description="Validate that Compress-Archive returns nothing when -PassThru is used with a value of False" name="Test suite for Microsoft.PowerShell.Archive module.Validate that Compress-Archive returns nothing when -PassThru is used with a value of False" time="0.1863" asserts="0" success="True" result="Success" executed="True" />
          <test-case description="Validate that Compress-Archive returns the archive when invoked with -PassThru" name="Test suite for Microsoft.PowerShell.Archive module.Validate that Compress-Archive returns the archive when invoked with -PassThru" time="0.2372" asserts="0" success="True" result="Success" executed="True" />
          <test-case description="Validate that Compress-Archive can create a zip archive that has a different extension" name="Test suite for Microsoft.PowerShell.Archive module.Validate that Compress-Archive can create a zip archive that has a different extension" time="0.0607" asserts="0" success="True" result="Success" executed="True" />
          <test-case description="Validate that Compress-Archive can create a zip archive when the source is in use" name="Test suite for Microsoft.PowerShell.Archive module.Validate that Compress-Archive can create a zip archive when the source is in use" time="0.0929" asserts="0" success="True" result="Success" executed="True" />
          <test-case description="Validate non existing archive -Path trows expected error message" name="Test suite for Microsoft.PowerShell.Archive module.Validate non existing archive -Path trows expected error message" time="0.1525" asserts="0" success="True" result="Success" executed="True" />
          <test-case description="Validate errors from Expand-Archive with NULL &amp; EMPTY values for Path, LiteralPath, DestinationPath parameters" name="Test suite for Microsoft.PowerShell.Archive module.Validate errors from Expand-Archive with NULL &amp; EMPTY values for Path, LiteralPath, DestinationPath parameters" time="0.1004" asserts="0" success="True" result="Success" executed="True" />
          <test-case description="Validate errors from Expand-Archive when invalid path (non-existing path / non-filesystem path) is supplied for Path or LiteralPath parameters" name="Test suite for Microsoft.PowerShell.Archive module.Validate errors from Expand-Archive when invalid path (non-existing path / non-filesystem path) is supplied for Path or LiteralPath parameters" time="0.0767" asserts="0" success="True" result="Success" executed="True" />
          <test-case description="Validate error from Expand-Archive when invalid path (non-existing path / non-filesystem path) is supplied for DestinationPath parameter" name="Test suite for Microsoft.PowerShell.Archive module.Validate error from Expand-Archive when invalid path (non-existing path / non-filesystem path) is supplied for DestinationPath parameter" time="0.0474" asserts="0" success="True" result="Success" executed="True" />
          <test-case description="Validate that you can compress an archive to a custom PSDrive using the Compress-Archive cmdlet" name="Test suite for Microsoft.PowerShell.Archive module.Validate that you can compress an archive to a custom PSDrive using the Compress-Archive cmdlet" time="0.0654" asserts="0" success="True" result="Success" executed="True" />
          <test-case description="Validate basic Expand-Archive scenario" name="Test suite for Microsoft.PowerShell.Archive module.Validate basic Expand-Archive scenario" time="0.3116" asserts="0" success="True" result="Success" executed="True" />
          <test-case description="Validate that Expand-Archive cmdlet errors out when DestinationPath resolves to multiple locations" name="Test suite for Microsoft.PowerShell.Archive module.Validate that Expand-Archive cmdlet errors out when DestinationPath resolves to multiple locations" time="0.0443" asserts="0" success="True" result="Success" executed="True" />
          <test-case description="Validate that Expand-Archive cmdlet works when DestinationPath resolves has wild card pattern and resolves to a single valid path" name="Test suite for Microsoft.PowerShell.Archive module.Validate that Expand-Archive cmdlet works when DestinationPath resolves has wild card pattern and resolves to a single valid path" time="0.0933" asserts="0" success="True" result="Success" executed="True" />
          <test-case description="Validate Expand-Archive scenario where DestinationPath has Special Characters" name="Test suite for Microsoft.PowerShell.Archive module.Validate Expand-Archive scenario where DestinationPath has Special Characters" time="0.1009" asserts="0" success="True" result="Success" executed="True" />
          <test-case description="Invoke Expand-Archive with relative path in Path parameter and -Force parameter" name="Test suite for Microsoft.PowerShell.Archive module.Invoke Expand-Archive with relative path in Path parameter and -Force parameter" time="0.429" asserts="0" success="True" result="Success" executed="True" />
          <test-case description="Invoke Expand-Archive with relative path in LiteralPath parameter and -Force parameter" name="Test suite for Microsoft.PowerShell.Archive module.Invoke Expand-Archive with relative path in LiteralPath parameter and -Force parameter" time="0.0793" asserts="0" success="True" result="Success" executed="True" />
          <test-case description="Invoke Expand-Archive with non-existing relative directory in DestinationPath parameter and -Force parameter" name="Test suite for Microsoft.PowerShell.Archive module.Invoke Expand-Archive with non-existing relative directory in DestinationPath parameter and -Force parameter" time="0.0834" asserts="0" success="True" result="Success" executed="True" />
          <test-case description="Invoke Expand-Archive with archive file containing multiple files, directories with subdirectories and empty directories" name="Test suite for Microsoft.PowerShell.Archive module.Invoke Expand-Archive with archive file containing multiple files, directories with subdirectories and empty directories" time="0.1898" asserts="0" success="True" result="Success" executed="True" />
          <test-case description="Validate Expand-Archive cmdlet in pipleline scenario" name="Test suite for Microsoft.PowerShell.Archive module.Validate Expand-Archive cmdlet in pipleline scenario" time="0.0776" asserts="0" success="True" result="Success" executed="True" />
          <test-case description="Validate that Expand-Archive generates Verbose messages" name="Test suite for Microsoft.PowerShell.Archive module.Validate that Expand-Archive generates Verbose messages" time="0.1007" asserts="0" success="True" result="Success" executed="True" />
          <test-case description="Validate that without -Force parameter Expand-Archive generates non-terminating errors without overwriting existing files" name="Test suite for Microsoft.PowerShell.Archive module.Validate that without -Force parameter Expand-Archive generates non-terminating errors without overwriting existing files" time="0.0954" asserts="0" success="True" result="Success" executed="True" />
          <test-case description="Validate that without DestinationPath parameter Expand-Archive cmdlet succeeds in expanding the archive" name="Test suite for Microsoft.PowerShell.Archive module.Validate that without DestinationPath parameter Expand-Archive cmdlet succeeds in expanding the archive" time="0.0993" asserts="0" success="True" result="Success" executed="True" />
          <test-case description="Validate that without DestinationPath parameter Expand-Archive cmdlet succeeds in expanding the archive when destination directory exists" name="Test suite for Microsoft.PowerShell.Archive module.Validate that without DestinationPath parameter Expand-Archive cmdlet succeeds in expanding the archive when destination directory exists" time="0.1863" asserts="0" success="True" result="Success" executed="True" />
          <test-case description="Validate that Expand-Archive returns nothing when -PassThru is not used" name="Test suite for Microsoft.PowerShell.Archive module.Validate that Expand-Archive returns nothing when -PassThru is not used" time="0.1916" asserts="0" success="True" result="Success" executed="True" />
          <test-case description="Validate that Expand-Archive returns nothing when -PassThru is used with a value of False" name="Test suite for Microsoft.PowerShell.Archive module.Validate that Expand-Archive returns nothing when -PassThru is used with a value of False" time="0.1957" asserts="0" success="True" result="Success" executed="True" />
          <test-case description="Validate that Expand-Archive returns the contents of the archive -PassThru" name="Test suite for Microsoft.PowerShell.Archive module.Validate that Expand-Archive returns the contents of the archive -PassThru" time="0.1814" asserts="0" success="True" result="Success" executed="True" />
          <test-case description="Validate Expand-Archive works with zip files that have non-zip file extensions" name="Test suite for Microsoft.PowerShell.Archive module.Validate Expand-Archive works with zip files that have non-zip file extensions" time="0.1695" asserts="0" success="True" result="Success" executed="True" />
          <test-case description="Validate Expand-Archive works with zip files where the contents contain trailing whitespace" name="Test suite for Microsoft.PowerShell.Archive module.Validate Expand-Archive works with zip files where the contents contain trailing whitespace" time="0.0656" asserts="0" success="True" result="Success" executed="True" />
          <test-case description="Validate that Compress-Archive/Expand-Archive work with backslashes and forward slashes in paths" name="Test suite for Microsoft.PowerShell.Archive module.Validate that Compress-Archive/Expand-Archive work with backslashes and forward slashes in paths" time="0.1385" asserts="0" success="True" result="Success" executed="True" />
          <test-case description="Validate that Compress-Archive/Expand-Archive work with dates earlier than 1980" name="Test suite for Microsoft.PowerShell.Archive module.Validate that Compress-Archive/Expand-Archive work with dates earlier than 1980" time="0.1611" asserts="0" success="True" result="Success" executed="True" />
          <test-case description="Validate module can be imported when current language is not en-US" name="Test suite for Microsoft.PowerShell.Archive module.Validate module can be imported when current language is not en-US" time="0.0045" asserts="0" success="True" result="Inconclusive" executed="True" />
        </results>
      </test-suite>
    </results>
  </test-suite>
</test-results>